<?xml version="1.0" encoding="UTF-8"?>
<testsuite name="Test-Chrome"
           tests="16"
           failures="1"
           errors="0"
           skipped="6"
           time="0.186">
  <properties />
            <testcase name="makePayment" time="0.005" classname="ecommerce_1.SneakersForMens">
                <failure type="java.lang.Exception"
                  message="Payment Cancel due to network slowness"
              >
<![CDATA[java.lang.Exception: Payment Cancel due to network slowness
  ecommerce_1.SneakersForMens.makePayment(SneakersForMens.java:52)
  java.base/jdk.internal.reflect.NativeMethodAccessorImpl.invoke0(Native Method)
  java.base/jdk.internal.reflect.NativeMethodAccessorImpl.invoke(NativeMethodAccessorImpl.java:77)
  java.base/jdk.internal.reflect.DelegatingMethodAccessorImpl.invoke(DelegatingMethodAccessorImpl.java:43)
  java.base/java.lang.reflect.Method.invoke(Method.java:568)
  org.testng.internal.MethodInvocationHelper.invokeMethod(MethodInvocationHelper.java:133)
  org.testng.internal.TestInvoker.invokeMethod(TestInvoker.java:598)
  org.testng.internal.TestInvoker.retryFailed(TestInvoker.java:213)
  org.testng.internal.MethodRunner.runInSequence(MethodRunner.java:58)
  org.testng.internal.TestInvoker$MethodInvocationAgent.invoke(TestInvoker.java:824)
  org.testng.internal.TestInvoker.invokeTestMethods(TestInvoker.java:146)
  org.testng.internal.TestMethodWorker.invokeTestMethods(TestMethodWorker.java:146)
  org.testng.internal.TestMethodWorker.run(TestMethodWorker.java:128)
  java.base/java.util.concurrent.ThreadPoolExecutor.runWorker(ThreadPoolExecutor.java:1136)
  java.base/java.util.concurrent.ThreadPoolExecutor$Worker.run(ThreadPoolExecutor.java:635)
  java.base/java.lang.Thread.run(Thread.java:833)
]]>
      </failure>

          </testcase>
  
            <testcase name="orderPlaced" time="0.0" classname="ecommerce_1.SneakersForMens">
          <skipped />
    </testcase>
            <testcase name="makePayment" time="0.0" classname="ecommerce_1.SneakersForMens">
          <skipped />
    </testcase>
            <testcase name="returnOrder" time="0.0" classname="ecommerce_1.SneakersForMens">
          <skipped />
    </testcase>
            <testcase name="makePayment" time="0.0" classname="ecommerce_1.SneakersForMens">
          <skipped />
    </testcase>
            <testcase name="makePayment" time="0.0" classname="ecommerce_1.SneakersForMens">
          <skipped />
    </testcase>
            <testcase name="makePayment" time="0.0" classname="ecommerce_1.SneakersForMens">
          <skipped />
    </testcase>
  
            <testcase name="replaceOrder" time="0.002" classname="ecommerce_1.SneakersForMens" />
                <testcase name="signUp" time="0.030" classname="ecommerce_1.SneakersForMens" />
                <testcase name="custumerFeedback" time="0.003" classname="ecommerce_1.SneakersForMens" />
                <testcase name="addShippingDetails" time="0.008" classname="ecommerce_1.SneakersForMens" />
                <testcase name="makePaymentAgain" time="0.007" classname="ecommerce_1.SneakersForMens" />
                <testcase name="searchProducts" time="0.031" classname="ecommerce_1.SneakersForMens" />
                <testcase name="addToCart" time="0.015" classname="ecommerce_1.SneakersForMens" />
                <testcase name="sneakersForMens" time="0.021" classname="ecommerce_1.SneakersForMens" />
                <testcase name="signIn" time="0.030" classname="ecommerce_1.SneakersForMens" />
      
</testsuite>
