<?xml version="1.0" encoding="UTF-8"?>
<!-- Generated by org.testng.reporters.JUnitReportReporter -->
<testsuite hostname="DESKTOP-T2MM1GM" failures="0" tests="16" name="ecommerce_1.SneakersForMens" time="0.186" errors="1" timestamp="2023-07-08T11:39:16 IST" skipped="6">
  <testcase classname="ecommerce_1.SneakersForMens" name="signUp" time="0.030"/>
  <system-out/>
  <testcase classname="ecommerce_1.SneakersForMens" name="signIn" time="0.030"/>
  <system-out/>
  <testcase classname="ecommerce_1.SneakersForMens" name="searchProducts" time="0.031"/>
  <system-out/>
  <testcase classname="ecommerce_1.SneakersForMens" name="sneakersForMens" time="0.021"/>
  <system-out/>
  <testcase classname="ecommerce_1.SneakersForMens" name="addToCart" time="0.015"/>
  <system-out/>
  <testcase classname="ecommerce_1.SneakersForMens" name="addShippingDetails" time="0.008"/>
  <system-out/>
  <testcase classname="ecommerce_1.SneakersForMens" name="makePayment" time="0.005">
    <error message="Payment Cancel due to network slowness" type="java.lang.Exception">
      <![CDATA[java.lang.Exception: Payment Cancel due to network slowness
at ecommerce_1.SneakersForMens.makePayment(SneakersForMens.java:52)
at java.base/jdk.internal.reflect.NativeMethodAccessorImpl.invoke0(Native Method)
at java.base/jdk.internal.reflect.NativeMethodAccessorImpl.invoke(NativeMethodAccessorImpl.java:77)
at java.base/jdk.internal.reflect.DelegatingMethodAccessorImpl.invoke(DelegatingMethodAccessorImpl.java:43)
at java.base/java.lang.reflect.Method.invoke(Method.java:568)
at org.testng.internal.MethodInvocationHelper.invokeMethod(MethodInvocationHelper.java:133)
at org.testng.internal.TestInvoker.invokeMethod(TestInvoker.java:598)
at org.testng.internal.TestInvoker.retryFailed(TestInvoker.java:213)
at org.testng.internal.MethodRunner.runInSequence(MethodRunner.java:58)
at org.testng.internal.TestInvoker$MethodInvocationAgent.invoke(TestInvoker.java:824)
at org.testng.internal.TestInvoker.invokeTestMethods(TestInvoker.java:146)
at org.testng.internal.TestMethodWorker.invokeTestMethods(TestMethodWorker.java:146)
at org.testng.internal.TestMethodWorker.run(TestMethodWorker.java:128)
at java.base/java.util.concurrent.ThreadPoolExecutor.runWorker(ThreadPoolExecutor.java:1136)
at java.base/java.util.concurrent.ThreadPoolExecutor$Worker.run(ThreadPoolExecutor.java:635)
at java.base/java.lang.Thread.run(Thread.java:833)
]]>
    </error>
  </testcase> <!-- makePayment -->
  <system-out/>
  <testcase classname="ecommerce_1.SneakersForMens" name="makePayment" time="0.002">
    <skipped/>
  </testcase> <!-- makePayment -->
  <system-out/>
  <testcase classname="ecommerce_1.SneakersForMens" name="makePayment" time="0.004">
    <skipped/>
  </testcase> <!-- makePayment -->
  <system-out/>
  <testcase classname="ecommerce_1.SneakersForMens" name="makePayment" time="0.002">
    <skipped/>
  </testcase> <!-- makePayment -->
  <system-out/>
  <testcase classname="ecommerce_1.SneakersForMens" name="makePayment" time="0.026">
    <skipped/>
  </testcase> <!-- makePayment -->
  <system-out/>
  <testcase classname="ecommerce_1.SneakersForMens" name="orderPlaced" time="0.000">
    <skipped/>
  </testcase> <!-- orderPlaced -->
  <system-out/>
  <testcase classname="ecommerce_1.SneakersForMens" name="returnOrder" time="0.000">
    <skipped/>
  </testcase> <!-- returnOrder -->
  <system-out/>
  <testcase classname="ecommerce_1.SneakersForMens" name="replaceOrder" time="0.002"/>
  <system-out/>
  <testcase classname="ecommerce_1.SneakersForMens" name="makePaymentAgain" time="0.007"/>
  <system-out/>
  <testcase classname="ecommerce_1.SneakersForMens" name="custumerFeedback" time="0.003"/>
  <system-out/>
</testsuite> <!-- ecommerce_1.SneakersForMens -->
